8848ef56-3f19-48eb-834e-eb3ee1502dc0:1743572366260:0:F:CREATE TABLE MEMBER(\n        MEMBER_ID VARCHAR2(20),\n        MEMBER_PWD VARCHAR2(20),\n        MEMBER_NAME VARCHAR2(20),\n        MEMBER_DATE DATE\n    );
ef343953-9280-4c7b-8007-75ef878d3169:1743572366369:5:S:SELECT *\n    FROM MEMBER;
c8efa1ba-b9f9-487e-a68e-227601b3cc59:1743572366634:44:S:SELECT *\nFROM USER_TABLES;
de00eca0-c4b7-4625-a585-9b1ced92af9d:1743572366813:89:S:SELECT *\nFROM USER_TAB_COLUMNS;
3c1a65ab-ad2b-4315-be9c-9f9f80d61a7b:1743572367225:7:S:comment on column member.member_id is '회원 아이디';
f2fb63d9-afae-4d2b-8054-ff72ff08bf43:1743572367303:5:S:comment on column member.member_pwd is '회원 비밀번호';
99031cb3-992c-4487-93b7-931dbfa633f9:1743572367370:4:S:comment on column member.member_NAME is '회원 이름';
c2582e0f-f423-4b34-8a6f-403fcdcd8cf8:1743572367444:5:S:comment on column member.member_DATE is '회원 생년월일';
8b2c0c82-6df7-4a63-8ae6-1f5da4eca8ea:1743572367688:29:S:SELECT * FROM MEMBER;
cd6a33ec-3df9-4f4e-9be0-8ccca49c88e9:1743572368086:0:F:INSERT INTO MEMBER VALUES ('user01','pass01','김유저','010100');
8f35e409-0e50-4c92-be5a-6e25282f8ff9:1743572368392:0:F:INSERT INTO MEMBER VALUES ('user02','pass02','박유저','011099');--제약조건을 걸지 않았기에 NULL 허용된다. 그래서 수정해줘야한다
6e55094d-17ce-494c-afd8-f5dab51e7320:1743572368547:6:S:SELECT *FROM MEMBER;
89a2cfe8-943b-43fb-9a98-9a710a7697fe:1743572369354:0:F:CREATE TABLE MEM_NOTNULL(\n    MEM_NO NUMBER NOT NULL,  --컬럼 레벨 방식 (컬럼명 자료형 제약조건)\n    MEM_ID VARCHAR2(20) NOT NULL,\n    MEMBER_PWD VARCHAR2(20) NOT NULL,\n    MEMBER_NAME VARCHAR2(20) NOT NULL,  \n    GENDER CHAR(3),\n    PHONE VARCHAR2(15),\n    EMAIL VARCHAR2(30)\n);
59453819-3ac3-42b5-b1b2-0aa6849decf3:1743572369497:12:S:SELECT * FROM MEM_NOTNULL;
2144ac04-a698-4c27-a019-ca95cab253d4:1743572369642:3:S:INSERT INTO MEM_NOTNULL VALUES(1,'user01','pass01','김유저','남','010-2222-3333','user01@gmail.com');
5f492944-87ab-4110-8281-706ccf8f5a74:1743572369745:5:S:INSERT INTO MEM_NOTNULL VALUES(2,'user02','pass02','박유저','여','010-1111-3232','user02@gmail.com');
269d44e0-dfed-4d17-a03b-7ff4b81a3a64:1743572370052:2:S:INSERT INTO MEM_NOTNULL VALUES (3,'user03','pass03','박회원',NULL,NULL,NULL);
38b365a7-f990-4d1e-8da3-558834643f93:1743572370978:0:F:create table MEM_UNIQUE(\n    MEM_NO NUMBER NOT NULL UNIQUE,  --컬럼 하나에 N개의 제약조건 부여가능 (나열로 표시)\n    MEM_ID VARCHAR2(20) NOT NULL UNIQUE,\n    MEMBER_PWD VARCHAR2(20) NOT NULL,\n    MEMBER_NAME VARCHAR2(20) NOT NULL,  \n    GENDER CHAR(3),\n    PHONE VARCHAR2(15),\n    EMAIL VARCHAR2(30)\n);
31f1e589-c9b6-45d4-a7b0-8225db5f189b:1743572371110:6:S:SELECT * FROM MEM_UNIQUE;
99e4d7b1-9ed3-48c8-9c45-aec6611e48e9:1743572371205:3:S:INSERT INTO MEM_UNIQUE VALUES(1,'user01','pass01','김유저','남','010-2222-3333','user01@gmail.com');
374f52e7-9172-4d58-a9e8-f012ac9b5e18:1743572371324:2:S:INSERT INTO MEM_UNIQUE VALUES(1,'user02','pass01','김유저','남','010-2222-3333','user01@gmail.com'); -- 중복이 같음으로 유니크 제약조건 위배
5548e1d5-ebe7-47c8-ace6-b32dff950b98:1743572371443:3:S:INSERT INTO MEM_UNIQUE VALUES(2,'user01','pass01','김유저','남','010-2222-3333','user01@gmail.com'); -- 중복이 같음으로 유니크 제약조건 위배
12726eaa-64e1-45b4-a8da-f9fce9382336:1743572371552:14:S:DROP TABLE MEM_UNIQUE;
3c9cc864-1522-4985-8c8c-b014a14ae2d2:1743572372281:13:S:create table MEM_UNIQUE(\n    MEM_NO NUMBER NOT NULL,  --컬럼 하나에 N개의 제약조건 부여가능 (나열로 표시)\n    MEM_ID VARCHAR2(20) NOT NULL,\n    MEMBER_PWD VARCHAR2(20) NOT NULL,\n    MEMBER_NAME VARCHAR2(20) NOT NULL,  \n    GENDER CHAR(3),\n    PHONE VARCHAR2(15),\n    EMAIL VARCHAR2(30),\n    UNIQUE(MEM_NO,MEM_ID) --테이블 레벨 방식\n);
31182e50-52a6-46d0-95d1-8df3fe0d6565:1743572372362:6:S:SELECT * \nFROM MEM_UNIQUE;
537a4c79-dde2-4c56-a52d-31a0ca35b61c:1743572373215:14:S:CREATE TABLE MEM_CON_NN (\n    MEM_NO NUMBER CONSTRAINT MEM_ID_NN NOT NULL,\n    MEM_ID VARCHAR2 (20) NOT NULL,\n    MEM_PWD VARCHAR2 (20) NOT NULL,\n    MEM_NAME VARCHAR2 (20) NOT NULL,\n    GENDER CHAR (3) ,\n    PHONE VARCHAR2 (15) ,\n    EMAIL VARCHAR2 (30),\n    CONSTRAINT MEM_NO_UQ UNIQUE(MEM_NO)--테이블레벨 방식\n);
8b56968b-e7c8-4018-a164-bec6dc2a9c0f:1743572373462:13:S:DROP TABLE MEM_CON_NN;
5bce1195-ded8-4285-a1f7-10e763dc15c8:1743572373561:0:F:INSERT INTO MEM_CON_NN VALUES(1,'user01','pass01','김유저','남','010-2222-3333','user01@gmail.com');
e82f4bf5-e4e4-46b9-99e6-8d83d0eb0f55:1743572373693:0:F:INSERT INTO MEM_CON_NN VALUES(2,'user02','pass02','박유저','여','010-1111-3333','user02@gmail.com'); -- 중복이 같음으로 유니크 제약조건 위배
d0d19f57-6869-49dd-9d3b-c4ef1c9fc86c:1743572373809:0:F:INSERT INTO MEM_CON_NN VALUES(3,'user03','pass03','이유저','남','010-5555-3333','user03@gmail.com'); -- 중복이 같음으로 유니크 제약조건 위배
ea04806d-a58e-4c9b-a479-ab9df80865e2:1743572373935:0:F:SELECT * from MEM_CON_NN;
34d432ec-55bb-455f-8f78-84a626ded398:1743572374517:0:F:CREATE Table MEM_CHECK(\n    MEM_NO NUMBER NOT NULL,\n    MEM_ID VARCHAR2 (20) NOT NULL,\n    MEM_PWD VARCHAR2 (20) NOT NULL,\n    MEM_NAME VARCHAR2 (20) NOT NULL,\n    GENDER CHAR (3) , CHECK(GENDER IN ('남','여')),\n    PHONE VARCHAR2 (15) ,\n    EMAIL VARCHAR2 (30),\n    MEM_DATE DATE\n);
30ed1690-ba69-4fbd-883f-17e28da6fc3f:1743572374659:4:S:INSERT INTO MEM_CHECK VALUES(1,'user01','pass01','김유저','남','010-2222-3333','user01@gmail.com',sysdate);
541cc2d4-dbd7-4f7b-86b7-aeb220c76b49:1743572374767:2:S:INSERT INTO MEM_CHECK VALUES(2,'user02','pass02','박유저','여','010-1111-3333','user02@gmail.com',sysdate); -- 중복이 같음으로 유니크 제약조건 위배
155fdd50-ac0d-4112-9965-91de5c482ff7:1743572374856:0:F:INSERT INTO MEM_CHECK VALUES(3,'user03','pass03','이유저','중성','010-5555-3333','user03@gmail.com',sysdate); -- 중복이 같음으로 유니크 제약조건 위배
cd6f8ec2-dd4d-47fd-be33-9e2925ab8811:1743572374971:6:S:SELECT * \nFROM MEM_CHECK;
